{
  "commands": [
    {
      "id": "cmd_1758683262999_ams17dusk",
      "type": "shell",
      "command": "cd /Users/eatatjoes/Desktop/Dev/MCP/gateway && npm install @pinecone-database/pinecone openai dotenv",
      "args": {
        "description": "Install Pinecone and OpenAI dependencies"
      },
      "status": "completed",
      "timestamp": 1758683262999,
      "result": "stdout:\n\nadded 1 package, and audited 135 packages in 1s\n\n23 packages are looking for funding\n  run `npm fund` for details\n\nfound 0 vulnerabilities\n\nstderr:\n\nreturn_code: 0",
      "error": ""
    },
    {
      "id": "cmd_1758683282141_ao0sd7h0t",
      "type": "shell",
      "command": "cd /Users/eatatjoes/Desktop/Dev/MCP/gateway && npm run build 2>&1 | tail -20",
      "args": {
        "description": "Rebuild gateway with Pinecone integration"
      },
      "status": "completed",
      "timestamp": 1758683282141,
      "result": "stdout:\nsrc/tools/pinecone-rag.ts(129,45): error TS7006: Parameter 'match' implicitly has an 'any' type.\nsrc/tools/pinecone/pinecone-rag.ts(250,14): error TS7006: Parameter 'c' implicitly has an 'any' type.\nsrc/tools/pinecone/pinecone-rag.ts(351,28): error TS2769: No overload matches this call.\n  Overload 1 of 4, '(value: string | number | Date): Date', gave the following error.\n    Argument of type 'string | number | true | string[]' is not assignable to parameter of type 'string | number | Date'.\n      Type 'boolean' is not assignable to type 'string | number | Date'.\n  Overload 2 of 4, '(value: string | number): Date', gave the following error.\n    Argument of type 'string | number | true | string[]' is not assignable to parameter of type 'string | number'.\n      Type 'boolean' is not assignable to type 'string | number'.\nsrc/tools/pinecone/pinecone-rag.ts(352,28): error TS2769: No overload matches this call.\n  Overload 1 of 4, '(value: string | number | Date): Date', gave the following error.\n    Argument of type 'string | number | true | string[]' is not assignable to parameter of type 'string | number | Date'.\n      Type 'boolean' is not assignable to type 'string | number | Date'.\n  Overload 2 of 4, '(value: string | number): Date', gave the following error.\n    Argument of type 'string | number | true | string[]' is not assignable to parameter of type 'string | number'.\n      Type 'boolean' is not assignable to type 'string | number'.\nsrc/tools/pinecone/pinecone-rag.ts(362,58): error TS2345: Argument of type 'string | number | true | string[]' is not assignable to parameter of type 'string'.\n  Type 'number' is not assignable to type 'string'.\nsrc/tools/pinecone/pinecone-rag.ts(363,9): error TS2365: Operator '+' cannot be applied to types 'number' and 'string | number | boolean | string[]'.\nsrc/tools/pinecone/pinecone-rag.ts(365,5): error TS2365: Operator '+=' cannot be applied to types 'number' and 'string | number | boolean | string[]'.\n\nstderr:\n\nreturn_code: 0",
      "error": ""
    },
    {
      "id": "cmd_1758683352630_m7xb73jvq",
      "type": "shell",
      "command": "cd /Users/eatatjoes/Desktop/Dev/MCP/gateway && npm run build",
      "args": {
        "description": "Rebuild gateway with fixed TypeScript"
      },
      "status": "error",
      "timestamp": 1758683352630,
      "result": "",
      "error": "Command failed: cd /Users/eatatjoes/Desktop/Dev/MCP/gateway && npm run build\n",
      "completedAt": 1758683354887
    },
    {
      "id": "cmd_1758683374157_6qy2x1382",
      "type": "shell",
      "command": "cd /Users/eatatjoes/Desktop/Dev/MCP/gateway && npx tsc 2>&1 | head -30",
      "args": {
        "description": "Check build errors"
      },
      "status": "completed",
      "timestamp": 1758683374157,
      "result": "stdout:\nsrc/http-bridge-standalone.ts(73,35): error TS6133: 'req' is declared but its value is never read.\nsrc/http-bridge-standalone.ts(106,28): error TS6133: 'req' is declared but its value is never read.\nsrc/http-bridge.ts(2,10): error TS2305: Module '\"./tools/command-queue.js\"' has no exported member 'commandQueue'.\nsrc/http-bridge.ts(2,24): error TS2305: Module '\"./tools/command-queue.js\"' has no exported member 'commandResults'.\nsrc/http-bridge.ts(9,29): error TS6133: 'req' is declared but its value is never read.\nsrc/http-bridge.ts(10,39): error TS7006: Parameter 'cmd' implicitly has an 'any' type.\nsrc/http-bridge.ts(22,39): error TS7006: Parameter 'cmd' implicitly has an 'any' type.\nsrc/http-bridge.ts(35,22): error TS6133: 'req' is declared but its value is never read.\nsrc/http-server.ts(15,18): error TS7016: Could not find a declaration file for module 'cors'. '/Users/eatatjoes/Desktop/Dev/MCP/gateway/node_modules/cors/lib/index.js' implicitly has an 'any' type.\n  Try `npm i --save-dev @types/cors` if it exists or add a new declaration (.d.ts) file containing `declare module 'cors';`\nsrc/http-server.ts(29,21): error TS6133: 'req' is declared but its value is never read.\nsrc/http-server.ts(330,24): error TS6133: 'req' is declared but its value is never read.\nsrc/tools/pinecone-rag.ts(129,45): error TS7006: Parameter 'match' implicitly has an 'any' type.\n\nstderr:\n\nreturn_code: 0",
      "error": ""
    },
    {
      "id": "cmd_1758683410436_10uilqv79",
      "type": "shell",
      "command": "ls -la /Users/eatatjoes/Desktop/Dev/MCP/gateway/src/tools/",
      "args": {
        "description": "Check what files exist in tools directory"
      },
      "status": "completed",
      "timestamp": 1758683410436,
      "result": "total 32\ndrwxr-xr-x@ 8 eatatjoes  staff   256 Sep 23 22:08 .\ndrwxr-xr-x@ 8 eatatjoes  staff   256 Sep 23 22:08 ..\n-rw-r--r--@ 1 eatatjoes  staff  5836 Sep 23 02:40 command-queue.ts\ndrwxr-xr-x@ 2 eatatjoes  staff    64 Sep 23 22:04 docker\ndrwxr-xr-x@ 2 eatatjoes  staff    64 Sep 23 22:04 phone\ndrwxr-xr-x@ 3 eatatjoes  staff    96 Sep 23 22:08 pinecone\n-rw-r--r--@ 1 eatatjoes  staff  4301 Sep 23 20:13 pinecone-rag.ts\ndrwxr-xr-x@ 2 eatatjoes  staff    64 Sep 23 22:04 pycharm\n",
      "error": "",
      "completedAt": 1758683410972
    },
    {
      "id": "cmd_1758683454825_jzm3lyvcy",
      "type": "shell",
      "command": "rm /Users/eatatjoes/Desktop/Dev/MCP/gateway/src/tools/pinecone-rag.ts && cd /Users/eatatjoes/Desktop/Dev/MCP/gateway && npx tsc src/index.ts src/tools/command-queue.ts src/tools/pinecone/pinecone-rag.ts --outDir dist --target ES2022 --module ES2022 --moduleResolution node --esModuleInterop --skipLibCheck",
      "args": {
        "description": "Remove duplicate pinecone file and compile just the main index"
      },
      "status": "completed",
      "timestamp": 1758683454825,
      "result": "Command completed with no output",
      "error": "",
      "completedAt": 1758683456339
    },
    {
      "id": "cmd_1758683501069_7kf05a6oe",
      "type": "shell",
      "command": "cd /Users/eatatjoes/Desktop/Dev/MCP/gateway && node -e \\\"const { handlePineconeTool } = require('./dist/tools/pinecone/pinecone-rag.js'); handlePineconeTool('store_context', { content: 'RAG system initialized successfully', role: 'desktop', session_id: 'init' }).then(console.log).catch(console.error)\\\"",
      "args": {
        "description": "Test Pinecone connection with a simple store operation"
      },
      "status": "completed",
      "timestamp": 1758683501069,
      "result": "stdout:\n\nstderr:\n/bin/sh: -c: line 0: syntax error near unexpected token `('\n/bin/sh: -c: line 0: `cd /Users/eatatjoes/Desktop/Dev/MCP/gateway && node -e \\\"const { handlePineconeTool } = require('./dist/tools/pinecone/pinecone-rag.js'); handlePineconeTool('store_context', { content: 'RAG system initialized successfully', role: 'desktop', session_id: 'init' }).then(console.log).catch(console.error)\\\"'\n\nreturn_code: 2",
      "error": ""
    },
    {
      "id": "cmd_1758683826665_97q3ac4v5",
      "type": "shell",
      "command": "cd /Users/eatatjoes/Desktop/Dev/MCP/gateway && node test-pinecone.js",
      "args": {
        "description": "Run Pinecone test script - DO NOT fix any errors, just report what happens"
      },
      "status": "completed",
      "timestamp": 1758683826665,
      "result": "stdout:\nTesting Pinecone connection...\nStore result: Stored in namespace 'conversations' with ID desktop_1758683827979_no91cb4am\nContext loaded successfully!\nFirst 500 chars: {\n  \"source\": \"cache\",\n  \"token_count\": 16,\n  \"message_count\": 1,\n  \"content\": \"[desktop]: RAG system initialized successfully at 2025-09-24T03:17:07.976Z\"\n}\n\nstderr:\n[Cache Miss] Generating embedding for hash bae8cdf2...\n[Background] Syncing with Pinecone...\nPineconeBadRequestError: the $gte operator must be followed by a number, got \"2025-08-25T03:17:10.213Z\" instead\n    at mapHttpStatusError (/Users/eatatjoes/Desktop/Dev/MCP/gateway/node_modules/@pinecone-database/pinecone/dist/errors/http.js:173:20)\n    at handleApiError (/Users/eatatjoes/Desktop/Dev/MCP/gateway/node_modules/@pinecone-database/pinecone/dist/errors/handling.js:16:46)\n    at process.processTicksAndRejections (node:internal/process/task_queues:95:5)\n    at async Object.post (/Users/eatatjoes/Desktop/Dev/MCP/gateway/node_modules/@pinecone-database/pinecone/dist/utils/middleware.js:80:29)\n    at async BaseAPI.fetchApi (/Users/eatatjoes/Desktop/Dev/MCP/gateway/node_modules/@pinecone-database/pinecone/dist/pinecone-generated-ts-fetch/db_data/runtime.js:109:32)\n    at async VectorOperationsApi.request (/Users/eatatjoes/Desktop/Dev/MCP/gateway/node_modules/@pinecone-database/pinecone/dist/pinecone-generated-ts-fetch/db_data/runtime.js:152:26)\n    at async VectorOperationsApi.queryVectorsRaw (/Users/eatatjoes/Desktop/Dev/MCP/gateway/node_modules/@pinecone-database/pinecone/dist/pinecone-generated-ts-fetch/db_data/apis/VectorOperationsApi.js:195:26)\n    at async VectorOperationsApi.queryVectors (/Users/eatatjoes/Desktop/Dev/MCP/gateway/node_modules/@pinecone-database/pinecone/dist/pinecone-generated-ts-fetch/db_data/apis/VectorOperationsApi.js:209:26)\n    at async QueryCommand.run (/Users/eatatjoes/Desktop/Dev/MCP/gateway/node_modules/@pinecone-database/pinecone/dist/data/vectors/query.js:60:25)\n    at async Index.query (/Users/eatatjoes/Desktop/Dev/MCP/gateway/node_modules/@pinecone-database/pinecone/dist/data/index.js:395:16) {\n  cause: undefined\n}\n\nreturn_code: 0",
      "error": ""
    }
  ],
  "lastModified": 1758683830371
}